[01m[K/home/safmc/catkin_ws/src/zed_window_sub/src/zed_window_sub.cpp:[m[K In function â€˜[01m[Kvoid imageLeftRectifiedCallback(const ConstPtr&)[m[Kâ€™:
[01m[K/home/safmc/catkin_ws/src/zed_window_sub/src/zed_window_sub.cpp:104:56:[m[K [01;31m[Kerror: [m[Kâ€˜[01m[Kiterations[m[Kâ€™ was not declared in this scope
     cv::morphologyEx(cvImgGCny, cvImgClose, 3, kernel, [01;31m[Kiterations[m[K=2);
                                                        [01;31m[K^~~~~~~~~~[m[K
make[2]: *** [CMakeFiles/zed_window_sub.dir/src/zed_window_sub.cpp.o] Error 1
make[1]: *** [CMakeFiles/zed_window_sub.dir/all] Error 2
make: *** [all] Error 2
