[01m[K/home/safmc/catkin_ws/src/zed_window_sub/src/zed_window_sub.cpp:[m[K In function â€˜[01m[Kvoid imageLeftRectifiedCallback(const ConstPtr&)[m[Kâ€™:
[01m[K/home/safmc/catkin_ws/src/zed_window_sub/src/zed_window_sub.cpp:104:67:[m[K [01;31m[Kerror: [m[Kâ€˜[01m[K_Tp[m[Kâ€™ was not declared in this scope
     cv::morphologyEx(cvImgGCny, cvImgClose, 3, kernel, cv::Point_<[01;31m[K_Tp[m[K>::Point_(-1,-1), 2);
                                                                   [01;31m[K^~~[m[K
[01m[K/home/safmc/catkin_ws/src/zed_window_sub/src/zed_window_sub.cpp:104:70:[m[K [01;31m[Kerror: [m[Ktemplate argument 1 is invalid
     cv::morphologyEx(cvImgGCny, cvImgClose, 3, kernel, cv::Point_<_Tp[01;31m[K>[m[K::Point_(-1,-1), 2);
                                                                      [01;31m[K^[m[K
make[2]: *** [CMakeFiles/zed_window_sub.dir/src/zed_window_sub.cpp.o] Error 1
make[1]: *** [CMakeFiles/zed_window_sub.dir/all] Error 2
make: *** [all] Error 2
