[01m[K/home/safmc/catkin_ws/src/zed_qrcode_sub/src/zed_qrcode_sub.cpp:[m[K In function â€˜[01m[Kvoid QRCode_LeftRectRGB_Callback(const ConstPtr&)[m[Kâ€™:
[01m[K/home/safmc/catkin_ws/src/zed_qrcode_sub/src/zed_qrcode_sub.cpp:80:21:[m[K [01;31m[Kerror: [m[Kâ€˜[01m[Kclass cv::QRCodeDetector[m[Kâ€™ has no member named â€˜[01m[KdetectAndDecodeMulti[m[Kâ€™; did you mean â€˜[01m[KdetectAndDecode[m[Kâ€™?
     qrcodeDetector. [01;31m[KdetectAndDecodeMulti[m[K(cvImgBGR, decoded, vertices, qrcode);
                     [01;31m[K^~~~~~~~~~~~~~~~~~~~[m[K
                     [32m[KdetectAndDecode[m[K
make[2]: *** [CMakeFiles/zed_qrcode_sub.dir/src/zed_qrcode_sub.cpp.o] Error 1
make[1]: *** [CMakeFiles/zed_qrcode_sub.dir/all] Error 2
make: *** [all] Error 2
