[01m[K/home/safmc/catkin_ws/src/zed_qrcode_sub/src/zed_qrcode_sub.cpp:[m[K In function â€˜[01m[Kvoid QRCode_LeftRectRGB_Callback(const ConstPtr&)[m[Kâ€™:
[01m[K/home/safmc/catkin_ws/src/zed_qrcode_sub/src/zed_qrcode_sub.cpp:77:5:[m[K [01;31m[Kerror: [m[Kexpected primary-expression before â€˜[01m[K<[m[Kâ€™ token
     [01;31m[K<[m[Kstd::vector<cv::Point2f>> vertices;
     [01;31m[K^[m[K
[01m[K/home/safmc/catkin_ws/src/zed_qrcode_sub/src/zed_qrcode_sub.cpp:77:29:[m[K [01;31m[Kerror: [m[Kexpected primary-expression before â€˜[01m[K>[m[Kâ€™ token
     <std::vector<cv::Point2f[01;31m[K>>[m[K vertices;
                             [01;31m[K^~[m[K
[01m[K/home/safmc/catkin_ws/src/zed_qrcode_sub/src/zed_qrcode_sub.cpp:77:32:[m[K [01;31m[Kerror: [m[Kâ€˜[01m[Kvertices[m[Kâ€™ was not declared in this scope
     <std::vector<cv::Point2f>> [01;31m[Kvertices[m[K;
                                [01;31m[K^~~~~~~~[m[K
[01m[K/home/safmc/catkin_ws/src/zed_qrcode_sub/src/zed_qrcode_sub.cpp:77:32:[m[K [01;36m[Knote: [m[Ksuggested alternative: â€˜[01m[Kfutimes[m[Kâ€™
     <std::vector<cv::Point2f>> [01;36m[Kvertices[m[K;
                                [01;36m[K^~~~~~~~[m[K
                                [32m[Kfutimes[m[K
[01m[K/home/safmc/catkin_ws/src/zed_qrcode_sub/src/zed_qrcode_sub.cpp:81:20:[m[K [01;31m[Kerror: [m[Kâ€˜[01m[Kclass cv::QRCodeDetector[m[Kâ€™ has no member named â€˜[01m[KdecodeMulti[m[Kâ€™; did you mean â€˜[01m[Kdecode[m[Kâ€™?
     qrcodeDetector.[01;31m[KdecodeMulti[m[K(cvImgBGR, vertices, decoded, qrcode);
                    [01;31m[K^~~~~~~~~~~[m[K
                    [32m[Kdecode[m[K
make[2]: *** [CMakeFiles/zed_qrcode_sub.dir/src/zed_qrcode_sub.cpp.o] Error 1
make[1]: *** [CMakeFiles/zed_qrcode_sub.dir/all] Error 2
make: *** [all] Error 2
