[01m[K/home/safmc/catkin_ws/src/zed_qrcode_sub/src/zed_qrcode_sub.cpp:[m[K In function â€˜[01m[Kvoid QRCode_LeftRectRGB_Callback(const ConstPtr&)[m[Kâ€™:
[01m[K/home/safmc/catkin_ws/src/zed_qrcode_sub/src/zed_qrcode_sub.cpp:77:28:[m[K [01;31m[Kerror: [m[Kexpected unqualified-id before â€˜[01m[K>[m[Kâ€™ token
     std::vector<cv::Point2f[01;31m[K>>[m[K points;
                            [01;31m[K^~[m[K
[01m[K/home/safmc/catkin_ws/src/zed_qrcode_sub/src/zed_qrcode_sub.cpp:81:20:[m[K [01;31m[Kerror: [m[Kâ€˜[01m[Kclass cv::QRCodeDetector[m[Kâ€™ has no member named â€˜[01m[KdecodeMulti[m[Kâ€™; did you mean â€˜[01m[Kdecode[m[Kâ€™?
     qrcodeDetector.[01;31m[KdecodeMulti[m[K(cvImgBGR, points, decoded, qrcode);
                    [01;31m[K^~~~~~~~~~~[m[K
                    [32m[Kdecode[m[K
[01m[K/home/safmc/catkin_ws/src/zed_qrcode_sub/src/zed_qrcode_sub.cpp:81:42:[m[K [01;31m[Kerror: [m[Kâ€˜[01m[Kpoints[m[Kâ€™ was not declared in this scope
     qrcodeDetector.decodeMulti(cvImgBGR, [01;31m[Kpoints[m[K, decoded, qrcode);
                                          [01;31m[K^~~~~~[m[K
[01m[K/home/safmc/catkin_ws/src/zed_qrcode_sub/src/zed_qrcode_sub.cpp:81:42:[m[K [01;36m[Knote: [m[Ksuggested alternative: â€˜[01m[Kprintf[m[Kâ€™
     qrcodeDetector.decodeMulti(cvImgBGR, [01;36m[Kpoints[m[K, decoded, qrcode);
                                          [01;36m[K^~~~~~[m[K
                                          [32m[Kprintf[m[K
make[2]: *** [CMakeFiles/zed_qrcode_sub.dir/src/zed_qrcode_sub.cpp.o] Error 1
make[1]: *** [CMakeFiles/zed_qrcode_sub.dir/all] Error 2
make: *** [all] Error 2
