[01m[K/home/safmc/catkin_ws/src/zed_qrcode_sub/src/zed_qrcode_sub.cpp:[m[K In function â€˜[01m[Kvoid QRCode_LeftRectRGB_Callback(const ConstPtr&)[m[Kâ€™:
[01m[K/home/safmc/catkin_ws/src/zed_qrcode_sub/src/zed_qrcode_sub.cpp:73:9:[m[K [01;31m[Kerror: [m[Kâ€˜[01m[KdetectMulti[m[Kâ€™ is not a member of â€˜[01m[Kcv[m[Kâ€™
     cv::[01;31m[KdetectMulti[m[K(cvImgBGR, qrcode);
         [01;31m[K^~~~~~~~~~~[m[K
[01m[K/home/safmc/catkin_ws/src/zed_qrcode_sub/src/zed_qrcode_sub.cpp:73:9:[m[K [01;36m[Knote: [m[Ksuggested alternative: â€˜[01m[KseqPopMulti[m[Kâ€™
     cv::[01;36m[KdetectMulti[m[K(cvImgBGR, qrcode);
         [01;36m[K^~~~~~~~~~~[m[K
         [32m[KseqPopMulti[m[K
make[2]: *** [CMakeFiles/zed_qrcode_sub.dir/src/zed_qrcode_sub.cpp.o] Error 1
make[1]: *** [CMakeFiles/zed_qrcode_sub.dir/all] Error 2
make: *** [all] Error 2
