[31m[1mCMake Error[0m at /usr/share/cmake-3.10/Modules/FindPackageHandleStandardArgs.cmake:137 (message):
  Could NOT find OpenCV (missing: COMPONENETS ImageScanner) (found version
  "4.1.1")
[36mCall Stack (most recent call first):[0m
  /usr/share/cmake-3.10/Modules/FindPackageHandleStandardArgs.cmake:378 (_FPHSA_FAILURE_MESSAGE)
  /usr/lib/aarch64-linux-gnu/cmake/opencv4/OpenCVConfig.cmake:328 (find_package_handle_standard_args)
  CMakeLists.txt:19 (find_package)


make: *** [cmake_check_build_system] Error 1
