In file included from [01m[K/home/safmc/catkin_ws/src/zbar_ros/src/barcode_reader_nodelet.cpp:32:0[m[K:
[01m[K/home/safmc/catkin_ws/src/zbar_ros/include/zbar_ros/barcode_reader_nodelet.h:36:10:[m[K [01;31m[Kfatal error: [m[Kopencv/cv.h: No such file or directory
 #include [01;31m[K"opencv/cv.h"[m[K
          [01;31m[K^~~~~~~~~~~~~[m[K
compilation terminated.
make[2]: *** [CMakeFiles/barcode_reader_nodelet.dir/src/barcode_reader_nodelet.cpp.o] Error 1
make[1]: *** [CMakeFiles/barcode_reader_nodelet.dir/all] Error 2
make[1]: *** Waiting for unfinished jobs....
make: *** [all] Error 2
