[01m[K/home/safmc/catkin_ws/src/openmv/src/openmv.cpp:[m[K In function â€˜[01m[Kvoid openmvimg(const ConstPtr&)[m[Kâ€™:
[01m[K/home/safmc/catkin_ws/src/openmv/src/openmv.cpp:107:32:[m[K [01;31m[Kerror: [m[Kâ€˜[01m[Krng[m[Kâ€™ was not declared in this scope
         Scalar color = Scalar( [01;31m[Krng[m[K.uniform(0, 256), rng.uniform(0,256), rng.uniform(0,256) );
                                [01;31m[K^~~[m[K
[01m[K/home/safmc/catkin_ws/src/openmv/src/openmv.cpp:108:74:[m[K [01;31m[Kerror: [m[Kâ€˜[01m[Khierarchy[m[Kâ€™ was not declared in this scope
         drawContours( imageContours, contours, (int)i, color, 2, LINE_8, [01;31m[Khierarchy[m[K, 0 );
                                                                          [01;31m[K^~~~~~~~~[m[K
[01m[K/home/safmc/catkin_ws/src/openmv/src/openmv.cpp:108:74:[m[K [01;36m[Knote: [m[Ksuggested alternative: â€˜[01m[Kbsearch[m[Kâ€™
         drawContours( imageContours, contours, (int)i, color, 2, LINE_8, [01;36m[Khierarchy[m[K, 0 );
                                                                          [01;36m[K^~~~~~~~~[m[K
                                                                          [32m[Kbsearch[m[K
make[2]: *** [CMakeFiles/openmv.dir/src/openmv.cpp.o] Error 1
make[1]: *** [CMakeFiles/openmv.dir/all] Error 2
make: *** [all] Error 2
